[2025-12-10 03:12:07] [/workspaces/In-Class-Exericse-3] source .devcontainer/shell.sh
[2025-12-10 03:19:55] [/workspaces/In-Class-Exericse-3] sed -n '10,20p' sed_practice_file.txt 
[2025-12-10 03:28:52] [/workspaces/In-Class-Exericse-3] sed "/^$/d" sed_practice_file.txt 
[2025-12-10 03:29:33] [/workspaces/In-Class-Exericse-3] sed '/^$/d' sed_practice_file.txt 
[2025-12-10 03:29:41] [/workspaces/In-Class-Exericse-3] sed '/^$/d' sed_practice_file.txt 
[2025-12-10 03:29:59] [/workspaces/In-Class-Exericse-3] sed -i '/^$/d' sed_practice_file.txt 
[2025-12-10 03:34:20] [/workspaces/In-Class-Exericse-3] sed -i "s/apple/orange" sed_practice_file.txt 
[2025-12-10 03:35:13] [/workspaces/In-Class-Exericse-3] sed -i "s/apple/orange/g" sed_practice_file.txt 
[2025-12-10 03:35:39] [/workspaces/In-Class-Exericse-3] clea
[2025-12-10 03:41:07] [/workspaces/In-Class-Exericse-3] awk '{sum+=%1; count++} END {print sum/count}' employees.txt 
[2025-12-10 03:41:14] [/workspaces/In-Class-Exericse-3] awk '{sum+=1; count++} END {print sum/count}' employees.txt 
[2025-12-10 03:42:11] [/workspaces/In-Class-Exericse-3] awk '{sum+=$3; count++} END {print sum/count}' employees.txt 
[2025-12-10 03:46:25] [/workspaces/In-Class-Exericse-3] awk '{if ($4 >90) print $2} END' grades.txt 
[2025-12-10 03:46:35] [/workspaces/In-Class-Exericse-3] awk 'END {if ($4 >90) print $2}' grades.txt 
[2025-12-10 03:46:41] [/workspaces/In-Class-Exericse-3] awk '{if ($4 >90) print $2}' grades.txt 
[2025-12-10 03:54:57] [/workspaces/In-Class-Exericse-3] awk 'NR > 1 {if ($4 >90) print $2}' grades.txt 
[2025-12-10 03:56:34] [/workspaces/In-Class-Exericse-3] awk 'NR > 1 {if($3 == 404 || $3 == 500) print $1$4' serverlog.txt 
[2025-12-10 03:56:41] [/workspaces/In-Class-Exericse-3] awk 'NR > 1 {if($3 == 404 || $3 == 500) print $1 $4' serverlog.txt 
[2025-12-10 03:56:54] [/workspaces/In-Class-Exericse-3] awk 'NR > 1 {if($3 == 404 || $3 == 500) print $1 print $4' serverlog.txt 
[2025-12-10 03:58:09] [/workspaces/In-Class-Exericse-3] awk 'NR > 1 {if($3 == 404 || $3 == 500) {print $, $4}' serverlog.txt 
[2025-12-10 03:58:14] [/workspaces/In-Class-Exericse-3] awk 'NR > 1 {if($3 == 404 || $3 == 500) {print $1, $4}' serverlog.txt 
[2025-12-10 03:58:24] [/workspaces/In-Class-Exericse-3] awk 'NR > 1 {if($3 == 404 || $3 == 500)} {print $1, $4}' serverlog.txt 
[2025-12-10 03:59:04] [/workspaces/In-Class-Exericse-3] awk 'NR > 1 $3 == 404 || $3 == 500 {print $1, $4}' serverlog.txt 
[2025-12-10 04:17:26] [/workspaces/In-Class-Exericse-3] awk 'NR > 1&&( $3 == 404 || $3 == 500) {print $1, $4}' serverlog.txt 
